This file contains any messages produced by compilers while
running configure, to aid debugging if configure makes a mistake.

It was created by variant configure 0.0, which was
generated by GNU Autoconf 2.59.  Invocation command line was

  $ ./configure --with-snowtools=../SnowTools --no-create --no-recursion

## --------- ##
## Platform. ##
## --------- ##

hostname = cga03
uname -m = x86_64
uname -r = 2.6.39
uname -s = Linux
uname -v = #4 SMP Mon Jun 27 17:12:28 EDT 2011

/usr/bin/uname -p = unknown
/bin/uname -X     = unknown

/bin/arch              = x86_64
/usr/bin/arch -k       = unknown
/usr/convex/getsysinfo = unknown
hostinfo               = unknown
/bin/machine           = unknown
/usr/bin/oslevel       = unknown
/bin/universe          = unknown

PATH: /broad/software/free/Linux/redhat_5_x86_64/pkgs/gdb_7.5.1/bin
PATH: /broad/software/free/Linux/redhat_5_x86_64/pkgs/gcc_4.9.0/bin
PATH: /xchip/gistic/Jeremiah/GIT/Renv/bin
PATH: /home/unix/jwala/GIT/isva
PATH: /xchip/gistic/Jeremiah/GIT/delly/src
PATH: /xchip/gistic/Jeremiah/GIT/VariantBam/src
PATH: /xchip/gistic/Jeremiah/software/IGVTools
PATH: /xchip/gistic/Jeremiah/software/Platypus_0.7.9.1
PATH: /xchip/gistic/Jeremiah/software/texi2dvi
PATH: /xchip/gistic/Jeremiah/software/bamUtil/bin
PATH: /xchip/gistic/Jeremiah/valgrind_bin
PATH: /xchip/gistic/Jeremiah/GIT/SnowmanSV/src/Snowman
PATH: /xchip/gistic/Jeremiah/GIT/isva/Swap/src
PATH: /xchip/gistic/Jeremiah/GIT/SnowmanSV/snowtools/src
PATH: /home/unix/jwala/TaigaCPP/sga/src/Taiga
PATH: /cga/meyerson/home/marcin/Software/BioNano
PATH: /xchip/tcga/Tools/gdac/bin
PATH: /xchip/gistic/Jeremiah/Projects/Discovar/BroadCRD/bin
PATH: /xchip/tcga/Tools/hydrant2/virtualenv/ubin
PATH: /home/unix/jwala/.local/bin
PATH: /home/unix/jwala/.local/bin
PATH: /home/unix/jwala/bin
PATH: /broad/software/free/Linux/redhat_5_x86_64/pkgs/r_3.1.0-bioconductor-2.14/bin
PATH: /broad/software/free/Linux/redhat_5_x86_64/pkgs/netcdf_4.0.1/bin
PATH: /broad/software/free/Linux/redhat_5_x86_64/pkgs/git_1.8.5.6/bin
PATH: /broad/software/free/Linux/redhat_5_x86_64/pkgs/mercurial_1.9.3-python-2.7.1-sqlite3-rtrees/bin
PATH: /broad/software/free/Linux/redhat_5_x86_64/pkgs/python_2.7.1-sqlite3-rtrees/bin
PATH: /broad/software/free/Linux/redhat_5_x86_64/pkgs/libxslt_1.1.26/bin
PATH: /broad/software/free/Linux/redhat_5_x86_64/pkgs/libxml2_2.7.7/bin
PATH: /broad/software/free/Linux/redhat_5_x86_64/pkgs/matplotlib_1.3.1-python-2.7.1-sqlite3-rtrees/bin
PATH: /broad/software/free/Linux/redhat_5_x86_64/pkgs/postgresql_8.4.21/bin
PATH: /broad/software/free/Linux/redhat_5_x86_64/pkgs/hdf5_1.8.4/bin
PATH: /broad/software/free/Linux/redhat_5_x86_64/pkgs/db_4.7.25/bin
PATH: /broad/software/free/Linux/redhat_5_x86_64/pkgs/tcltk8.5.9/bin
PATH: /broad/software/free/Linux/redhat_5_x86_64/pkgs/glib_2.22.4/bin
PATH: /broad/software/free/Linux/redhat_5_x86_64/pkgs/gettext_0.17/bin
PATH: /broad/software/free/Linux/redhat_5_x86_64/pkgs/pezmaster31_bamtools-6708a21/bin
PATH: /broad/software/free/Linux/redhat_5_x86_64/pkgs/subversion_1.6.5/bin
PATH: /broad/software/free/Linux/redhat_5_x86_64/pkgs/bwa_0.7.4
PATH: /broad/software/free/Linux/redhat_5_x86_64/pkgs/perl_5.8.9/bin
PATH: /broad/software/free/Linux/redhat_5_x86_64/pkgs/sqlite_3.6.19/bin
PATH: /broad/software/free/Linux/redhat_5_x86_64/pkgs/curl_7.23.0/bin
PATH: /broad/software/free/Linux/redhat_5_x86_64/pkgs/libssh2_1.3.0/bin
PATH: /broad/software/free/Linux/redhat_5_x86_64/pkgs/dbd-oracle_1.23-perl-5.8.9-oracle-instantclient-10.2.0.4.0/bin
PATH: /broad/software/nonfree/Linux/redhat_5_x86_64/pkgs/oracle_instantclient-10.2.0.4.0/instantclient_10_2
PATH: /broad/software/free/Linux/redhat_5_x86_64/pkgs/graphviz_2.26.3/bin
PATH: /broad/software/free/Linux/redhat_5_x86_64/pkgs/oracle-java-jdk_1.7.0-51_x86_64/bin
PATH: /broad/lsf/7.0/linux2.6-glibc2.3-x86_64/etc
PATH: /broad/lsf/7.0/linux2.6-glibc2.3-x86_64/bin
PATH: /broad/software/free/Linux/redhat_5_x86_64/pkgs/samtools/samtools_1.2/bin
PATH: /xchip/gistic/Jeremiah/GIT/Renv/bin
PATH: /home/unix/jwala/GIT/isva
PATH: /xchip/gistic/Jeremiah/GIT/delly/src
PATH: /xchip/gistic/Jeremiah/GIT/VariantBam/src
PATH: /xchip/gistic/Jeremiah/software/IGVTools
PATH: /xchip/gistic/Jeremiah/software/Platypus_0.7.9.1
PATH: /xchip/gistic/Jeremiah/software/texi2dvi
PATH: /xchip/gistic/Jeremiah/software/bamUtil/bin
PATH: /xchip/gistic/Jeremiah/valgrind_bin
PATH: /xchip/gistic/Jeremiah/GIT/SnowmanSV/src/Snowman
PATH: /xchip/gistic/Jeremiah/GIT/isva/Swap/src
PATH: /xchip/gistic/Jeremiah/GIT/SnowmanSV/snowtools/src
PATH: /home/unix/jwala/TaigaCPP/sga/src/Taiga
PATH: /cga/meyerson/home/marcin/Software/BioNano
PATH: /xchip/tcga/Tools/gdac/bin
PATH: /xchip/gistic/Jeremiah/Projects/Discovar/BroadCRD/bin
PATH: /xchip/tcga/Tools/hydrant2/virtualenv/ubin
PATH: /home/unix/jwala/.local/bin
PATH: /home/unix/jwala/.local/bin
PATH: /home/unix/jwala/bin
PATH: /usr/lib64/qt-3.3/bin
PATH: /usr/kerberos/bin
PATH: /usr/local/bin
PATH: /bin
PATH: /usr/bin
PATH: /opt/dell/srvadmin/bin
PATH: /home/unix/jwala/snowtools/bin
PATH: /xchip/gistic/Jeremiah/local/bin
PATH: /xchip/gistic/Jeremiah/software
PATH: /xchip/gistic/Jeremiah/local/Linux64
PATH: /home/unix/jwala/sga-master/src/SGA
PATH: /home/unix/jwala/sga-master/src/bin
PATH: /xchip/gistic/Jeremiah/local/parallel-20130922/src
PATH: /home/unix/marcin/perl5/bin
PATH: /home/unix/jwala/snowtools/bin
PATH: /xchip/gistic/Jeremiah/local/bin
PATH: /xchip/gistic/Jeremiah/software
PATH: /xchip/gistic/Jeremiah/local/Linux64
PATH: /home/unix/jwala/sga-master/src/SGA
PATH: /home/unix/jwala/sga-master/src/bin
PATH: /xchip/gistic/Jeremiah/local/parallel-20130922/src
PATH: /home/unix/marcin/perl5/bin


## ----------- ##
## Core tests. ##
## ----------- ##

configure:1369: checking for a BSD-compatible install
configure:1424: result: /usr/bin/install -c
configure:1435: checking whether build environment is sane
configure:1478: result: yes
configure:1543: checking for gawk
configure:1559: found /bin/gawk
configure:1569: result: gawk
configure:1579: checking whether make sets $(MAKE)
configure:1599: result: yes
configure:1824: checking for g++
configure:1840: found /broad/software/free/Linux/redhat_5_x86_64/pkgs/gcc_4.9.0/bin/g++
configure:1850: result: g++
configure:1866: checking for C++ compiler version
configure:1869: g++ --version </dev/null >&5
g++ (GCC) 4.9.0
Copyright (C) 2014 Free Software Foundation, Inc.
This is free software; see the source for copying conditions.  There is NO
warranty; not even for MERCHANTABILITY or FITNESS FOR A PARTICULAR PURPOSE.

configure:1872: $? = 0
configure:1874: g++ -v </dev/null >&5
Using built-in specs.
COLLECT_GCC=g++
COLLECT_LTO_WRAPPER=/broad/software/free/Linux/redhat_5_x86_64/pkgs/gcc_4.9.0/libexec/gcc/x86_64-redhat-linux/4.9.0/lto-wrapper
Target: x86_64-redhat-linux
Configured with: /local/tmp/redhat_5_x86_64/build/tmp/gcc-4.9.0/configure --prefix=/broad/software/free/Linux/redhat_5_x86_64/pkgs/gcc_4.9.0 --enable-lto --with-cloog --enable-plugins --enable-languages=c,c++,objc,obj-c++,fortran --build=x86_64-redhat-linux --with-gmp=/broad/software/free/Linux/redhat_5_x86_64/pkgs/gcc_4.9.0 --with-mpfr=/broad/software/free/Linux/redhat_5_x86_64/pkgs/gcc_4.9.0
Thread model: posix
gcc version 4.9.0 (GCC) 
configure:1877: $? = 0
configure:1879: g++ -V </dev/null >&5
g++: error: unrecognized command line option '-V'
g++: fatal error: no input files
compilation terminated.
configure:1882: $? = 1
configure:1905: checking for C++ compiler default output file name
configure:1908: g++    conftest.cc  >&5
configure:1911: $? = 0
configure:1957: result: a.out
configure:1962: checking whether the C++ compiler works
configure:1968: ./a.out
configure:1971: $? = 0
configure:1988: result: yes
configure:1995: checking whether we are cross compiling
configure:1997: result: no
configure:2000: checking for suffix of executables
configure:2002: g++ -o conftest    conftest.cc  >&5
configure:2005: $? = 0
configure:2030: result: 
configure:2036: checking for suffix of object files
configure:2057: g++ -c   conftest.cc >&5
configure:2060: $? = 0
configure:2082: result: o
configure:2086: checking whether we are using the GNU C++ compiler
configure:2110: g++ -c   conftest.cc >&5
configure:2116: $? = 0
configure:2120: test -z 
			 || test ! -s conftest.err
configure:2123: $? = 0
configure:2126: test -s conftest.o
configure:2129: $? = 0
configure:2142: result: yes
configure:2148: checking whether g++ accepts -g
configure:2169: g++ -c -g  conftest.cc >&5
configure:2175: $? = 0
configure:2179: test -z 
			 || test ! -s conftest.err
configure:2182: $? = 0
configure:2185: test -s conftest.o
configure:2188: $? = 0
configure:2199: result: yes
configure:2241: g++ -c -g -O2  conftest.cc >&5
configure:2247: $? = 0
configure:2251: test -z 
			 || test ! -s conftest.err
configure:2254: $? = 0
configure:2257: test -s conftest.o
configure:2260: $? = 0
configure:2286: g++ -c -g -O2  conftest.cc >&5
conftest.cc: In function 'int main()':
conftest.cc:15:9: error: 'exit' was not declared in this scope
 exit (42);
         ^
configure:2292: $? = 1
configure: failed program was:
| /* confdefs.h.  */
| 
| #define PACKAGE_NAME "variant"
| #define PACKAGE_TARNAME "variant"
| #define PACKAGE_VERSION "0.0"
| #define PACKAGE_STRING "variant 0.0"
| #define PACKAGE_BUGREPORT "jwala@broadinstitute.org"
| #define PACKAGE "variant"
| #define VERSION "0.0"
| /* end confdefs.h.  */
| 
| int
| main ()
| {
| exit (42);
|   ;
|   return 0;
| }
configure:2241: g++ -c -g -O2  conftest.cc >&5
conftest.cc:11:40: error: 'void std::exit(int)' should have been declared inside 'std'
 extern "C" void std::exit (int) throw (); using std::exit;
                                        ^
configure:2247: $? = 1
configure: failed program was:
| /* confdefs.h.  */
| 
| #define PACKAGE_NAME "variant"
| #define PACKAGE_TARNAME "variant"
| #define PACKAGE_VERSION "0.0"
| #define PACKAGE_STRING "variant 0.0"
| #define PACKAGE_BUGREPORT "jwala@broadinstitute.org"
| #define PACKAGE "variant"
| #define VERSION "0.0"
| /* end confdefs.h.  */
| extern "C" void std::exit (int) throw (); using std::exit;
| #include <stdlib.h>
| int
| main ()
| {
| exit (42);
|   ;
|   return 0;
| }
configure:2241: g++ -c -g -O2  conftest.cc >&5
conftest.cc:11:31: error: 'void std::exit(int)' should have been declared inside 'std'
 extern "C" void std::exit (int); using std::exit;
                               ^
In file included from conftest.cc:12:0:
/usr/include/stdlib.h:646:70: error: declaration of 'void std::exit(int) throw ()' has a different exception specifier
 extern void exit (int __status) __THROW __attribute__ ((__noreturn__));
                                                                      ^
conftest.cc:11:17: error: from previous declaration 'void std::exit(int)'
 extern "C" void std::exit (int); using std::exit;
                 ^
configure:2247: $? = 1
configure: failed program was:
| /* confdefs.h.  */
| 
| #define PACKAGE_NAME "variant"
| #define PACKAGE_TARNAME "variant"
| #define PACKAGE_VERSION "0.0"
| #define PACKAGE_STRING "variant 0.0"
| #define PACKAGE_BUGREPORT "jwala@broadinstitute.org"
| #define PACKAGE "variant"
| #define VERSION "0.0"
| /* end confdefs.h.  */
| extern "C" void std::exit (int); using std::exit;
| #include <stdlib.h>
| int
| main ()
| {
| exit (42);
|   ;
|   return 0;
| }
configure:2241: g++ -c -g -O2  conftest.cc >&5
configure:2247: $? = 0
configure:2251: test -z 
			 || test ! -s conftest.err
configure:2254: $? = 0
configure:2257: test -s conftest.o
configure:2260: $? = 0
configure:2286: g++ -c -g -O2  conftest.cc >&5
configure:2292: $? = 0
configure:2296: test -z 
			 || test ! -s conftest.err
configure:2299: $? = 0
configure:2302: test -s conftest.o
configure:2305: $? = 0
configure:2339: checking for style of include used by make
configure:2367: result: GNU
configure:2395: checking dependency style of g++
configure:2485: result: gcc3
configure:2548: checking for gcc
configure:2564: found /broad/software/free/Linux/redhat_5_x86_64/pkgs/gcc_4.9.0/bin/gcc
configure:2574: result: gcc
configure:2818: checking for C compiler version
configure:2821: gcc --version </dev/null >&5
gcc (GCC) 4.9.0
Copyright (C) 2014 Free Software Foundation, Inc.
This is free software; see the source for copying conditions.  There is NO
warranty; not even for MERCHANTABILITY or FITNESS FOR A PARTICULAR PURPOSE.

configure:2824: $? = 0
configure:2826: gcc -v </dev/null >&5
Using built-in specs.
COLLECT_GCC=gcc
COLLECT_LTO_WRAPPER=/broad/software/free/Linux/redhat_5_x86_64/pkgs/gcc_4.9.0/libexec/gcc/x86_64-redhat-linux/4.9.0/lto-wrapper
Target: x86_64-redhat-linux
Configured with: /local/tmp/redhat_5_x86_64/build/tmp/gcc-4.9.0/configure --prefix=/broad/software/free/Linux/redhat_5_x86_64/pkgs/gcc_4.9.0 --enable-lto --with-cloog --enable-plugins --enable-languages=c,c++,objc,obj-c++,fortran --build=x86_64-redhat-linux --with-gmp=/broad/software/free/Linux/redhat_5_x86_64/pkgs/gcc_4.9.0 --with-mpfr=/broad/software/free/Linux/redhat_5_x86_64/pkgs/gcc_4.9.0
Thread model: posix
gcc version 4.9.0 (GCC) 
configure:2829: $? = 0
configure:2831: gcc -V </dev/null >&5
gcc: error: unrecognized command line option '-V'
gcc: fatal error: no input files
compilation terminated.
configure:2834: $? = 1
configure:2837: checking whether we are using the GNU C compiler
configure:2861: gcc -c   conftest.c >&5
configure:2867: $? = 0
configure:2871: test -z 
			 || test ! -s conftest.err
configure:2874: $? = 0
configure:2877: test -s conftest.o
configure:2880: $? = 0
configure:2893: result: yes
configure:2899: checking whether gcc accepts -g
configure:2920: gcc -c -g  conftest.c >&5
configure:2926: $? = 0
configure:2930: test -z 
			 || test ! -s conftest.err
configure:2933: $? = 0
configure:2936: test -s conftest.o
configure:2939: $? = 0
configure:2950: result: yes
configure:2967: checking for gcc option to accept ANSI C
configure:3037: gcc  -c -g -O2  conftest.c >&5
configure:3043: $? = 0
configure:3047: test -z 
			 || test ! -s conftest.err
configure:3050: $? = 0
configure:3053: test -s conftest.o
configure:3056: $? = 0
configure:3074: result: none needed
configure:3092: gcc -c -g -O2  conftest.c >&5
conftest.c:2:3: error: unknown type name 'choke'
   choke me
   ^
conftest.c:2:3: error: expected '=', ',', ';', 'asm' or '__attribute__' at end of input
configure:3098: $? = 1
configure: failed program was:
| #ifndef __cplusplus
|   choke me
| #endif
configure:3233: checking dependency style of gcc
configure:3323: result: gcc3
configure:3381: checking for ranlib
configure:3397: found /broad/software/free/Linux/redhat_5_x86_64/pkgs/gcc_4.9.0/bin/ranlib
configure:3408: result: ranlib
configure:3434: checking how to run the C++ preprocessor
configure:3465: g++ -E  conftest.cc
configure:3471: $? = 0
configure:3503: g++ -E  conftest.cc
conftest.cc:14:28: fatal error: ac_nonexistent.h: No such file or directory
 #include <ac_nonexistent.h>
                            ^
compilation terminated.
configure:3509: $? = 1
configure: failed program was:
| /* confdefs.h.  */
| 
| #define PACKAGE_NAME "variant"
| #define PACKAGE_TARNAME "variant"
| #define PACKAGE_VERSION "0.0"
| #define PACKAGE_STRING "variant 0.0"
| #define PACKAGE_BUGREPORT "jwala@broadinstitute.org"
| #define PACKAGE "variant"
| #define VERSION "0.0"
| #ifdef __cplusplus
| extern "C" void exit (int) throw ();
| #endif
| /* end confdefs.h.  */
| #include <ac_nonexistent.h>
configure:3548: result: g++ -E
configure:3572: g++ -E  conftest.cc
configure:3578: $? = 0
configure:3610: g++ -E  conftest.cc
conftest.cc:14:28: fatal error: ac_nonexistent.h: No such file or directory
 #include <ac_nonexistent.h>
                            ^
compilation terminated.
configure:3616: $? = 1
configure: failed program was:
| /* confdefs.h.  */
| 
| #define PACKAGE_NAME "variant"
| #define PACKAGE_TARNAME "variant"
| #define PACKAGE_VERSION "0.0"
| #define PACKAGE_STRING "variant 0.0"
| #define PACKAGE_BUGREPORT "jwala@broadinstitute.org"
| #define PACKAGE "variant"
| #define VERSION "0.0"
| #ifdef __cplusplus
| extern "C" void exit (int) throw ();
| #endif
| /* end confdefs.h.  */
| #include <ac_nonexistent.h>
configure:3660: checking for egrep
configure:3670: result: grep -E
configure:3675: checking for ANSI C header files
configure:3700: g++ -c -g -O2  conftest.cc >&5
configure:3706: $? = 0
configure:3710: test -z 
			 || test ! -s conftest.err
configure:3713: $? = 0
configure:3716: test -s conftest.o
configure:3719: $? = 0
configure:3808: g++ -o conftest -g -O2   conftest.cc  >&5
configure:3811: $? = 0
configure:3813: ./conftest
configure:3816: $? = 0
configure:3831: result: yes
configure:3855: checking for sys/types.h
configure:3871: g++ -c -g -O2  conftest.cc >&5
configure:3877: $? = 0
configure:3881: test -z 
			 || test ! -s conftest.err
configure:3884: $? = 0
configure:3887: test -s conftest.o
configure:3890: $? = 0
configure:3901: result: yes
configure:3855: checking for sys/stat.h
configure:3871: g++ -c -g -O2  conftest.cc >&5
configure:3877: $? = 0
configure:3881: test -z 
			 || test ! -s conftest.err
configure:3884: $? = 0
configure:3887: test -s conftest.o
configure:3890: $? = 0
configure:3901: result: yes
configure:3855: checking for stdlib.h
configure:3871: g++ -c -g -O2  conftest.cc >&5
configure:3877: $? = 0
configure:3881: test -z 
			 || test ! -s conftest.err
configure:3884: $? = 0
configure:3887: test -s conftest.o
configure:3890: $? = 0
configure:3901: result: yes
configure:3855: checking for string.h
configure:3871: g++ -c -g -O2  conftest.cc >&5
configure:3877: $? = 0
configure:3881: test -z 
			 || test ! -s conftest.err
configure:3884: $? = 0
configure:3887: test -s conftest.o
configure:3890: $? = 0
configure:3901: result: yes
configure:3855: checking for memory.h
configure:3871: g++ -c -g -O2  conftest.cc >&5
configure:3877: $? = 0
configure:3881: test -z 
			 || test ! -s conftest.err
configure:3884: $? = 0
configure:3887: test -s conftest.o
configure:3890: $? = 0
configure:3901: result: yes
configure:3855: checking for strings.h
configure:3871: g++ -c -g -O2  conftest.cc >&5
configure:3877: $? = 0
configure:3881: test -z 
			 || test ! -s conftest.err
configure:3884: $? = 0
configure:3887: test -s conftest.o
configure:3890: $? = 0
configure:3901: result: yes
configure:3855: checking for inttypes.h
configure:3871: g++ -c -g -O2  conftest.cc >&5
configure:3877: $? = 0
configure:3881: test -z 
			 || test ! -s conftest.err
configure:3884: $? = 0
configure:3887: test -s conftest.o
configure:3890: $? = 0
configure:3901: result: yes
configure:3855: checking for stdint.h
configure:3871: g++ -c -g -O2  conftest.cc >&5
configure:3877: $? = 0
configure:3881: test -z 
			 || test ! -s conftest.err
configure:3884: $? = 0
configure:3887: test -s conftest.o
configure:3890: $? = 0
configure:3901: result: yes
configure:3855: checking for unistd.h
configure:3871: g++ -c -g -O2  conftest.cc >&5
configure:3877: $? = 0
configure:3881: test -z 
			 || test ! -s conftest.err
configure:3884: $? = 0
configure:3887: test -s conftest.o
configure:3890: $? = 0
configure:3901: result: yes
configure:3923: checking zlib.h usability
configure:3935: g++ -c -g -O2  conftest.cc >&5
configure:3941: $? = 0
configure:3945: test -z 
			 || test ! -s conftest.err
configure:3948: $? = 0
configure:3951: test -s conftest.o
configure:3954: $? = 0
configure:3964: result: yes
configure:3968: checking zlib.h presence
configure:3978: g++ -E  conftest.cc
configure:3984: $? = 0
configure:4004: result: yes
configure:4039: checking for zlib.h
configure:4046: result: yes
configure:4055: checking for library containing gzopen
configure:4085: g++ -o conftest -g -O2   conftest.cc  >&5
/tmp/ccmgpf3z.o: In function `main':
/xchip/gistic/Jeremiah/GIT/Nathan/conftest.cc:35: undefined reference to `gzopen'
collect2: error: ld returned 1 exit status
configure:4091: $? = 1
configure: failed program was:
| /* confdefs.h.  */
| 
| #define PACKAGE_NAME "variant"
| #define PACKAGE_TARNAME "variant"
| #define PACKAGE_VERSION "0.0"
| #define PACKAGE_STRING "variant 0.0"
| #define PACKAGE_BUGREPORT "jwala@broadinstitute.org"
| #define PACKAGE "variant"
| #define VERSION "0.0"
| #ifdef __cplusplus
| extern "C" void exit (int) throw ();
| #endif
| #define STDC_HEADERS 1
| #define HAVE_SYS_TYPES_H 1
| #define HAVE_SYS_STAT_H 1
| #define HAVE_STDLIB_H 1
| #define HAVE_STRING_H 1
| #define HAVE_MEMORY_H 1
| #define HAVE_STRINGS_H 1
| #define HAVE_INTTYPES_H 1
| #define HAVE_STDINT_H 1
| #define HAVE_UNISTD_H 1
| /* end confdefs.h.  */
| 
| /* Override any gcc2 internal prototype to avoid an error.  */
| #ifdef __cplusplus
| extern "C"
| #endif
| /* We use char because int might match the return type of a gcc2
|    builtin and then its argument prototype would still apply.  */
| char gzopen ();
| int
| main ()
| {
| gzopen ();
|   ;
|   return 0;
| }
configure:4140: g++ -o conftest -g -O2   conftest.cc -lz   >&5
configure:4146: $? = 0
configure:4150: test -z 
			 || test ! -s conftest.err
configure:4153: $? = 0
configure:4156: test -s conftest
configure:4159: $? = 0
configure:4174: result: -lz
configure:4185: checking for library containing clock_gettime
configure:4215: g++ -o conftest -g -O2   conftest.cc -lz  >&5
/tmp/ccINjjQa.o: In function `main':
/xchip/gistic/Jeremiah/GIT/Nathan/conftest.cc:35: undefined reference to `clock_gettime'
collect2: error: ld returned 1 exit status
configure:4221: $? = 1
configure: failed program was:
| /* confdefs.h.  */
| 
| #define PACKAGE_NAME "variant"
| #define PACKAGE_TARNAME "variant"
| #define PACKAGE_VERSION "0.0"
| #define PACKAGE_STRING "variant 0.0"
| #define PACKAGE_BUGREPORT "jwala@broadinstitute.org"
| #define PACKAGE "variant"
| #define VERSION "0.0"
| #ifdef __cplusplus
| extern "C" void exit (int) throw ();
| #endif
| #define STDC_HEADERS 1
| #define HAVE_SYS_TYPES_H 1
| #define HAVE_SYS_STAT_H 1
| #define HAVE_STDLIB_H 1
| #define HAVE_STRING_H 1
| #define HAVE_MEMORY_H 1
| #define HAVE_STRINGS_H 1
| #define HAVE_INTTYPES_H 1
| #define HAVE_STDINT_H 1
| #define HAVE_UNISTD_H 1
| /* end confdefs.h.  */
| 
| /* Override any gcc2 internal prototype to avoid an error.  */
| #ifdef __cplusplus
| extern "C"
| #endif
| /* We use char because int might match the return type of a gcc2
|    builtin and then its argument prototype would still apply.  */
| char clock_gettime ();
| int
| main ()
| {
| clock_gettime ();
|   ;
|   return 0;
| }
configure:4270: g++ -o conftest -g -O2   conftest.cc -lrt  -lz  >&5
configure:4276: $? = 0
configure:4280: test -z 
			 || test ! -s conftest.err
configure:4283: $? = 0
configure:4286: test -s conftest
configure:4289: $? = 0
configure:4304: result: -lrt
configure:4382: checking SnowTools/SnowTools.h usability
configure:4394: g++ -c -O3  -I../SnowTools/src -I../SnowTools/src/multifast-v1.4.2 -I../SnowTools/src/htslib -I../SnowTools/src/bwa  conftest.cc >&5
configure:4400: $? = 0
configure:4404: test -z 
			 || test ! -s conftest.err
configure:4407: $? = 0
configure:4410: test -s conftest.o
configure:4413: $? = 0
configure:4423: result: yes
configure:4427: checking SnowTools/SnowTools.h presence
configure:4437: g++ -E  -I../SnowTools/src -I../SnowTools/src/multifast-v1.4.2 -I../SnowTools/src/htslib -I../SnowTools/src/bwa  conftest.cc
configure:4443: $? = 0
configure:4463: result: yes
configure:4498: checking for SnowTools/SnowTools.h
configure:4505: result: yes
configure:4538: checking htslib/hts.h usability
configure:4550: g++ -c -O3  -I../SnowTools/src -I../SnowTools/src/multifast-v1.4.2 -I../SnowTools/src/htslib -I../SnowTools/src/bwa  conftest.cc >&5
configure:4556: $? = 0
configure:4560: test -z 
			 || test ! -s conftest.err
configure:4563: $? = 0
configure:4566: test -s conftest.o
configure:4569: $? = 0
configure:4579: result: yes
configure:4583: checking htslib/hts.h presence
configure:4593: g++ -E  -I../SnowTools/src -I../SnowTools/src/multifast-v1.4.2 -I../SnowTools/src/htslib -I../SnowTools/src/bwa  conftest.cc
configure:4599: $? = 0
configure:4619: result: yes
configure:4654: checking for htslib/hts.h
configure:4661: result: yes
configure:4694: checking boost/icl/interval_set.hpp usability
configure:4706: g++ -c -O3  -I../SnowTools/src -I../SnowTools/src/multifast-v1.4.2 -I../SnowTools/src/htslib -I../SnowTools/src/bwa  conftest.cc >&5
conftest.cc:61:38: fatal error: boost/icl/interval_set.hpp: No such file or directory
 #include <boost/icl/interval_set.hpp>
                                      ^
compilation terminated.
configure:4712: $? = 1
configure: failed program was:
| /* confdefs.h.  */
| 
| #define PACKAGE_NAME "variant"
| #define PACKAGE_TARNAME "variant"
| #define PACKAGE_VERSION "0.0"
| #define PACKAGE_STRING "variant 0.0"
| #define PACKAGE_BUGREPORT "jwala@broadinstitute.org"
| #define PACKAGE "variant"
| #define VERSION "0.0"
| #ifdef __cplusplus
| extern "C" void exit (int) throw ();
| #endif
| #define STDC_HEADERS 1
| #define HAVE_SYS_TYPES_H 1
| #define HAVE_SYS_STAT_H 1
| #define HAVE_STDLIB_H 1
| #define HAVE_STRING_H 1
| #define HAVE_MEMORY_H 1
| #define HAVE_STRINGS_H 1
| #define HAVE_INTTYPES_H 1
| #define HAVE_STDINT_H 1
| #define HAVE_UNISTD_H 1
| #define HAVE_CLOCK_GETTIME 1
| #define HAVE_SNOWTOOLS_SNOWTOOLS_H 1
| #define HAVE_HTSLIB_HTS_H 1
| /* end confdefs.h.  */
| #include <stdio.h>
| #if HAVE_SYS_TYPES_H
| # include <sys/types.h>
| #endif
| #if HAVE_SYS_STAT_H
| # include <sys/stat.h>
| #endif
| #if STDC_HEADERS
| # include <stdlib.h>
| # include <stddef.h>
| #else
| # if HAVE_STDLIB_H
| #  include <stdlib.h>
| # endif
| #endif
| #if HAVE_STRING_H
| # if !STDC_HEADERS && HAVE_MEMORY_H
| #  include <memory.h>
| # endif
| # include <string.h>
| #endif
| #if HAVE_STRINGS_H
| # include <strings.h>
| #endif
| #if HAVE_INTTYPES_H
| # include <inttypes.h>
| #else
| # if HAVE_STDINT_H
| #  include <stdint.h>
| # endif
| #endif
| #if HAVE_UNISTD_H
| # include <unistd.h>
| #endif
| #include <boost/icl/interval_set.hpp>
configure:4735: result: no
configure:4739: checking boost/icl/interval_set.hpp presence
configure:4749: g++ -E  -I../SnowTools/src -I../SnowTools/src/multifast-v1.4.2 -I../SnowTools/src/htslib -I../SnowTools/src/bwa  conftest.cc
conftest.cc:27:38: fatal error: boost/icl/interval_set.hpp: No such file or directory
 #include <boost/icl/interval_set.hpp>
                                      ^
compilation terminated.
configure:4755: $? = 1
configure: failed program was:
| /* confdefs.h.  */
| 
| #define PACKAGE_NAME "variant"
| #define PACKAGE_TARNAME "variant"
| #define PACKAGE_VERSION "0.0"
| #define PACKAGE_STRING "variant 0.0"
| #define PACKAGE_BUGREPORT "jwala@broadinstitute.org"
| #define PACKAGE "variant"
| #define VERSION "0.0"
| #ifdef __cplusplus
| extern "C" void exit (int) throw ();
| #endif
| #define STDC_HEADERS 1
| #define HAVE_SYS_TYPES_H 1
| #define HAVE_SYS_STAT_H 1
| #define HAVE_STDLIB_H 1
| #define HAVE_STRING_H 1
| #define HAVE_MEMORY_H 1
| #define HAVE_STRINGS_H 1
| #define HAVE_INTTYPES_H 1
| #define HAVE_STDINT_H 1
| #define HAVE_UNISTD_H 1
| #define HAVE_CLOCK_GETTIME 1
| #define HAVE_SNOWTOOLS_SNOWTOOLS_H 1
| #define HAVE_HTSLIB_HTS_H 1
| /* end confdefs.h.  */
| #include <boost/icl/interval_set.hpp>
configure:4775: result: no
configure:4810: checking for boost/icl/interval_set.hpp
configure:4817: result: no
configure:4827: WARNING: The Boost library must be installed for a few of the interval operations. NOT REQUIRED for VariantBam. Specify its path with the --with-boostxs=PATH option
configure:4849: checking ahocorasick/ahocorasick.h usability
configure:4861: g++ -c -O3  -I../SnowTools/src -I../SnowTools/src/multifast-v1.4.2 -I../SnowTools/src/htslib -I../SnowTools/src/bwa  conftest.cc >&5
configure:4867: $? = 0
configure:4871: test -z 
			 || test ! -s conftest.err
configure:4874: $? = 0
configure:4877: test -s conftest.o
configure:4880: $? = 0
configure:4890: result: yes
configure:4894: checking ahocorasick/ahocorasick.h presence
configure:4904: g++ -E  -I../SnowTools/src -I../SnowTools/src/multifast-v1.4.2 -I../SnowTools/src/htslib -I../SnowTools/src/bwa  conftest.cc
configure:4910: $? = 0
configure:4930: result: yes
configure:4965: checking for ahocorasick/ahocorasick.h
configure:4972: result: yes
configure:5108: creating ./config.status

## ---------------- ##
## Cache variables. ##
## ---------------- ##

ac_cv_c_compiler_gnu=yes
ac_cv_cxx_compiler_gnu=yes
ac_cv_env_CC_set=
ac_cv_env_CC_value=
ac_cv_env_CFLAGS_set=
ac_cv_env_CFLAGS_value=
ac_cv_env_CPPFLAGS_set=
ac_cv_env_CPPFLAGS_value=
ac_cv_env_CXXCPP_set=
ac_cv_env_CXXCPP_value=
ac_cv_env_CXXFLAGS_set=
ac_cv_env_CXXFLAGS_value=
ac_cv_env_CXX_set=
ac_cv_env_CXX_value=
ac_cv_env_LDFLAGS_set=
ac_cv_env_LDFLAGS_value=
ac_cv_env_build_alias_set=
ac_cv_env_build_alias_value=
ac_cv_env_host_alias_set=
ac_cv_env_host_alias_value=
ac_cv_env_target_alias_set=
ac_cv_env_target_alias_value=
ac_cv_exeext=
ac_cv_header_SnowTools_SnowTools_h=yes
ac_cv_header_ahocorasick_ahocorasick_h=yes
ac_cv_header_boost_icl_interval_set_hpp=no
ac_cv_header_htslib_hts_h=yes
ac_cv_header_inttypes_h=yes
ac_cv_header_memory_h=yes
ac_cv_header_stdc=yes
ac_cv_header_stdint_h=yes
ac_cv_header_stdlib_h=yes
ac_cv_header_string_h=yes
ac_cv_header_strings_h=yes
ac_cv_header_sys_stat_h=yes
ac_cv_header_sys_types_h=yes
ac_cv_header_unistd_h=yes
ac_cv_header_zlib_h=yes
ac_cv_objext=o
ac_cv_path_install='/usr/bin/install -c'
ac_cv_prog_AWK=gawk
ac_cv_prog_CXXCPP='g++ -E'
ac_cv_prog_ac_ct_CC=gcc
ac_cv_prog_ac_ct_CXX=g++
ac_cv_prog_ac_ct_RANLIB=ranlib
ac_cv_prog_cc_g=yes
ac_cv_prog_cc_stdc=
ac_cv_prog_cxx_g=yes
ac_cv_prog_egrep='grep -E'
ac_cv_prog_make_make_set=yes
ac_cv_search_clock_gettime=-lrt
ac_cv_search_gzopen=-lz
am_cv_CC_dependencies_compiler_type=gcc3
am_cv_CXX_dependencies_compiler_type=gcc3

## ----------------- ##
## Output variables. ##
## ----------------- ##

ACLOCAL='${SHELL} /xchip/gistic/Jeremiah/GIT/Nathan/missing --run aclocal-1.9'
AMDEPBACKSLASH='\'
AMDEP_FALSE='#'
AMDEP_TRUE=''
AMTAR='${SHELL} /xchip/gistic/Jeremiah/GIT/Nathan/missing --run tar'
AM_CXXFLAGS='-g -std=c++11 -Wall -Wextra  -Wno-unknown-pragmas'
AUTOCONF='${SHELL} /xchip/gistic/Jeremiah/GIT/Nathan/missing --run autoconf'
AUTOHEADER='${SHELL} /xchip/gistic/Jeremiah/GIT/Nathan/missing --run autoheader'
AUTOMAKE='${SHELL} /xchip/gistic/Jeremiah/GIT/Nathan/missing --run automake-1.9'
AWK='gawk'
CC='gcc'
CCDEPMODE='depmode=gcc3'
CFLAGS='-O3'
CPPFLAGS=' -I../SnowTools/src -I../SnowTools/src/multifast-v1.4.2 -I../SnowTools/src/htslib -I../SnowTools/src/bwa '
CXX='g++'
CXXCPP='g++ -E'
CXXDEPMODE='depmode=gcc3'
CXXFLAGS='-O3'
CYGPATH_W='echo'
DEFS='-DHAVE_CONFIG_H'
DEPDIR='.deps'
ECHO_C=''
ECHO_N='-n'
ECHO_T=''
EGREP='grep -E'
EXEEXT=''
INSTALL_DATA='${INSTALL} -m 644'
INSTALL_PROGRAM='${INSTALL}'
INSTALL_SCRIPT='${INSTALL}'
INSTALL_STRIP_PROGRAM='${SHELL} $(install_sh) -c -s'
LDFLAGS='-L../SnowTools/src -L../SnowTools/src/htslib -Wl,-rpath,../SnowTools/src/htslib -L../SnowTools/src/bwa  -L.'
LIBOBJS=''
LIBS='-lrt -lz  -lsnowtools -lbwa -lhts -lpthread'
LTLIBOBJS=''
MAKEINFO='${SHELL} /xchip/gistic/Jeremiah/GIT/Nathan/missing --run makeinfo'
OBJEXT='o'
PACKAGE='variant'
PACKAGE_BUGREPORT='jwala@broadinstitute.org'
PACKAGE_NAME='variant'
PACKAGE_STRING='variant 0.0'
PACKAGE_TARNAME='variant'
PACKAGE_VERSION='0.0'
PATH_SEPARATOR=':'
RANLIB='ranlib'
SET_MAKE=''
SHELL='/bin/sh'
STRIP=''
VERSION='0.0'
ac_ct_CC='gcc'
ac_ct_CXX='g++'
ac_ct_RANLIB='ranlib'
ac_ct_STRIP=''
am__fastdepCC_FALSE='#'
am__fastdepCC_TRUE=''
am__fastdepCXX_FALSE='#'
am__fastdepCXX_TRUE=''
am__include='include'
am__leading_dot='.'
am__quote=''
am__tar='${AMTAR} chof - "$$tardir"'
am__untar='${AMTAR} xf -'
bindir='${exec_prefix}/bin'
build_alias=''
datadir='${prefix}/share'
exec_prefix='${prefix}'
host_alias=''
includedir='${prefix}/include'
infodir='${prefix}/info'
install_sh='/xchip/gistic/Jeremiah/GIT/Nathan/install-sh'
libdir='${exec_prefix}/lib'
libexecdir='${exec_prefix}/libexec'
localstatedir='${prefix}/var'
mandir='${prefix}/man'
mkdir_p='mkdir -p --'
oldincludedir='/usr/include'
prefix='/usr/local'
program_transform_name='s,x,x,'
sbindir='${exec_prefix}/sbin'
sharedstatedir='${prefix}/com'
sysconfdir='${prefix}/etc'
target_alias=''

## ----------- ##
## confdefs.h. ##
## ----------- ##

#define HAVE_AHOCORASICK_AHOCORASICK_H 1
#define HAVE_CLOCK_GETTIME 1
#define HAVE_HTSLIB_HTS_H 1
#define HAVE_INTTYPES_H 1
#define HAVE_MEMORY_H 1
#define HAVE_SNOWTOOLS_SNOWTOOLS_H 1
#define HAVE_STDINT_H 1
#define HAVE_STDLIB_H 1
#define HAVE_STRINGS_H 1
#define HAVE_STRING_H 1
#define HAVE_SYS_STAT_H 1
#define HAVE_SYS_TYPES_H 1
#define HAVE_UNISTD_H 1
#define PACKAGE "variant"
#define PACKAGE_BUGREPORT "jwala@broadinstitute.org"
#define PACKAGE_NAME "variant"
#define PACKAGE_STRING "variant 0.0"
#define PACKAGE_TARNAME "variant"
#define PACKAGE_VERSION "0.0"
#define STDC_HEADERS 1
#define VERSION "0.0"
#endif
#ifdef __cplusplus
extern "C" void exit (int) throw ();

configure: exit 0

## ---------------------- ##
## Running config.status. ##
## ---------------------- ##

This file was extended by variant config.status 0.0, which was
generated by GNU Autoconf 2.59.  Invocation command line was

  CONFIG_FILES    = 
  CONFIG_HEADERS  = 
  CONFIG_LINKS    = 
  CONFIG_COMMANDS = 
  $ ./config.status 

on cga03

config.status:698: creating Makefile
config.status:802: creating config.h
config.status:916: config.h is unchanged
config.status:1096: executing depfiles commands

## ---------------------- ##
## Running config.status. ##
## ---------------------- ##

This file was extended by variant config.status 0.0, which was
generated by GNU Autoconf 2.59.  Invocation command line was

  CONFIG_FILES    = 
  CONFIG_HEADERS  = 
  CONFIG_LINKS    = 
  CONFIG_COMMANDS = 
  $ ./config.status config.h

on cga03

config.status:802: creating config.h
config.status:916: config.h is unchanged
